Traceback (most recent call last):
  File "/home/vagrant/currency/app.py", line 1, in <module>
    from flask import Flask, render_template, request
ModuleNotFoundError: No module named 'flask'
Traceback (most recent call last):
  File "/home/vagrant/currency/app.py", line 1, in <module>
    from flask import Flask, render_template, request
ModuleNotFoundError: No module named 'flask'
Traceback (most recent call last):
  File "/home/vagrant/currency/app.py", line 1, in <module>
    from flask import Flask, render_template, request
ModuleNotFoundError: No module named 'flask'
Traceback (most recent call last):
  File "/home/vagrant/currency/app.py", line 1, in <module>
    from flask import Flask, render_template, request
ModuleNotFoundError: No module named 'flask'
Traceback (most recent call last):
  File "/home/vagrant/currency/app.py", line 2, in <module>
    import requests
ModuleNotFoundError: No module named 'requests'
Traceback (most recent call last):
  File "/home/vagrant/currency/app.py", line 2, in <module>
    import requests
ModuleNotFoundError: No module named 'requests'
Traceback (most recent call last):
  File "/home/vagrant/currency/app.py", line 2, in <module>
    import requests
ModuleNotFoundError: No module named 'requests'
